<?xml version="1.0" encoding="UTF-8"?>
<testng-results skipped="0" failed="0" total="7" passed="7">
  <reporter-output>
  </reporter-output>
  <suite name="Default suite" duration-ms="90" started-at="2014-03-26T15:24:33Z" finished-at="2014-03-26T15:24:33Z">
    <groups>
    </groups>
    <test name="Default test" duration-ms="90" started-at="2014-03-26T15:24:33Z" finished-at="2014-03-26T15:24:33Z">
      <class name="rp.robotics.mapping.DirectionMeasurementsTest">
        <test-method status="PASS" signature="reinit()[pri:0, instance:rp.robotics.mapping.DirectionMeasurementsTest@1e2ad75]" name="reinit" is-config="true" duration-ms="24" started-at="2014-03-26T15:24:33Z" finished-at="2014-03-26T15:24:33Z">
          <reporter-output>
          </reporter-output>
        </test-method> <!-- reinit -->
        <test-method status="PASS" signature="testConstructor()[pri:0, instance:rp.robotics.mapping.DirectionMeasurementsTest@1e2ad75]" name="testConstructor" duration-ms="14" started-at="2014-03-26T15:24:33Z" finished-at="2014-03-26T15:24:33Z">
          <reporter-output>
          </reporter-output>
        </test-method> <!-- testConstructor -->
        <test-method status="PASS" signature="testEquality()[pri:0, instance:rp.robotics.mapping.DirectionMeasurementsTest@1e2ad75]" name="testEquality" duration-ms="2" started-at="2014-03-26T15:24:33Z" finished-at="2014-03-26T15:24:33Z">
          <reporter-output>
          </reporter-output>
        </test-method> <!-- testEquality -->
        <test-method status="PASS" signature="reinit()[pri:0, instance:rp.robotics.mapping.DirectionMeasurementsTest@1e2ad75]" name="reinit" is-config="true" duration-ms="0" started-at="2014-03-26T15:24:33Z" finished-at="2014-03-26T15:24:33Z">
          <reporter-output>
          </reporter-output>
        </test-method> <!-- reinit -->
        <test-method status="PASS" signature="reinit()[pri:0, instance:rp.robotics.mapping.DirectionMeasurementsTest@1e2ad75]" name="reinit" is-config="true" duration-ms="0" started-at="2014-03-26T15:24:33Z" finished-at="2014-03-26T15:24:33Z">
          <reporter-output>
          </reporter-output>
        </test-method> <!-- reinit -->
        <test-method status="PASS" signature="testProbabilityByDifference()[pri:0, instance:rp.robotics.mapping.DirectionMeasurementsTest@1e2ad75]" name="testProbabilityByDifference" duration-ms="4" started-at="2014-03-26T15:24:33Z" finished-at="2014-03-26T15:24:33Z">
          <reporter-output>
          </reporter-output>
        </test-method> <!-- testProbabilityByDifference -->
        <test-method status="PASS" signature="reinit()[pri:0, instance:rp.robotics.mapping.DirectionMeasurementsTest@1e2ad75]" name="reinit" is-config="true" duration-ms="0" started-at="2014-03-26T15:24:33Z" finished-at="2014-03-26T15:24:33Z">
          <reporter-output>
          </reporter-output>
        </test-method> <!-- reinit -->
        <test-method status="PASS" signature="testRotation()[pri:0, instance:rp.robotics.mapping.DirectionMeasurementsTest@1e2ad75]" name="testRotation" duration-ms="2" started-at="2014-03-26T15:24:33Z" finished-at="2014-03-26T15:24:33Z">
          <reporter-output>
          </reporter-output>
        </test-method> <!-- testRotation -->
        <test-method status="PASS" signature="test_180_OrienationCorrection()[pri:0, instance:rp.robotics.mapping.DirectionMeasurementsTest@1e2ad75]" name="test_180_OrienationCorrection" duration-ms="3" started-at="2014-03-26T15:24:33Z" finished-at="2014-03-26T15:24:33Z">
          <reporter-output>
          </reporter-output>
        </test-method> <!-- test_180_OrienationCorrection -->
        <test-method status="PASS" signature="reinit()[pri:0, instance:rp.robotics.mapping.DirectionMeasurementsTest@1e2ad75]" name="reinit" is-config="true" duration-ms="0" started-at="2014-03-26T15:24:33Z" finished-at="2014-03-26T15:24:33Z">
          <reporter-output>
          </reporter-output>
        </test-method> <!-- reinit -->
        <test-method status="PASS" signature="reinit()[pri:0, instance:rp.robotics.mapping.DirectionMeasurementsTest@1e2ad75]" name="reinit" is-config="true" duration-ms="0" started-at="2014-03-26T15:24:33Z" finished-at="2014-03-26T15:24:33Z">
          <reporter-output>
          </reporter-output>
        </test-method> <!-- reinit -->
        <test-method status="PASS" signature="test_270_OrienationCorrection()[pri:0, instance:rp.robotics.mapping.DirectionMeasurementsTest@1e2ad75]" name="test_270_OrienationCorrection" duration-ms="2" started-at="2014-03-26T15:24:33Z" finished-at="2014-03-26T15:24:33Z">
          <reporter-output>
          </reporter-output>
        </test-method> <!-- test_270_OrienationCorrection -->
        <test-method status="PASS" signature="reinit()[pri:0, instance:rp.robotics.mapping.DirectionMeasurementsTest@1e2ad75]" name="reinit" is-config="true" duration-ms="0" started-at="2014-03-26T15:24:33Z" finished-at="2014-03-26T15:24:33Z">
          <reporter-output>
          </reporter-output>
        </test-method> <!-- reinit -->
        <test-method status="PASS" signature="test_90_OrienationCorrection()[pri:0, instance:rp.robotics.mapping.DirectionMeasurementsTest@1e2ad75]" name="test_90_OrienationCorrection" duration-ms="2" started-at="2014-03-26T15:24:33Z" finished-at="2014-03-26T15:24:33Z">
          <reporter-output>
          </reporter-output>
        </test-method> <!-- test_90_OrienationCorrection -->
      </class> <!-- rp.robotics.mapping.DirectionMeasurementsTest -->
    </test> <!-- Default test -->
  </suite> <!-- Default suite -->
</testng-results>
