<?xml version="1.0" encoding="UTF-8"?>
<!-- Generated by org.testng.reporters.JUnitXMLReporter -->
<testsuite hostname="Jordan_Laptop" name="Default test" tests="7" failures="0" timestamp="26 Mar 2014 15:24:33 GMT" time="0.09" errors="0">
  <testcase name="testConstructor" time="0.014" classname="rp.robotics.mapping.DirectionMeasurementsTest"/>
  <testcase name="testEquality" time="0.002" classname="rp.robotics.mapping.DirectionMeasurementsTest"/>
  <testcase name="testProbabilityByDifference" time="0.004" classname="rp.robotics.mapping.DirectionMeasurementsTest"/>
  <testcase name="testRotation" time="0.002" classname="rp.robotics.mapping.DirectionMeasurementsTest"/>
  <testcase name="test_180_OrienationCorrection" time="0.003" classname="rp.robotics.mapping.DirectionMeasurementsTest"/>
  <testcase name="test_270_OrienationCorrection" time="0.002" classname="rp.robotics.mapping.DirectionMeasurementsTest"/>
  <testcase name="test_90_OrienationCorrection" time="0.002" classname="rp.robotics.mapping.DirectionMeasurementsTest"/>
</testsuite> <!-- Default test -->
