<?xml version="1.0" encoding="UTF-8"?>
<!-- Generated by org.testng.reporters.JUnitXMLReporter -->
<testsuite hostname="Dell" name="Default test" tests="6" failures="0" timestamp="4 Mar 2014 21:08:56 GMT" time="0.639" errors="0">
  <testcase name="testEightPuzzleAStar" time="0.615" classname="test.myTest"/>
  <testcase name="testEightPuzzleBreadthFirst" time="0.002" classname="test.myTest"/>
  <testcase name="testEightPuzzleDepthFirst" time="0.002" classname="test.myTest"/>
  <testcase name="testStringPuzzleAStar" time="0.005" classname="test.myTest"/>
  <testcase name="testStringPuzzleBreadthFirst" time="0.002" classname="test.myTest"/>
  <testcase name="testStringPuzzleDepthFirst" time="0.0" classname="test.myTest"/>
</testsuite> <!-- Default test -->
