<?xml version="1.0" encoding="UTF-8"?>
<testng-results skipped="0" failed="0" total="1" passed="1">
  <reporter-output>
  </reporter-output>
  <suite name="Default suite" duration-ms="661" started-at="2014-03-04T19:35:54Z" finished-at="2014-03-04T19:35:55Z">
    <groups>
    </groups>
    <test name="Default test" duration-ms="661" started-at="2014-03-04T19:35:54Z" finished-at="2014-03-04T19:35:55Z">
      <class name="test.myTest">
        <test-method status="PASS" signature="setUp()[pri:0, instance:test.myTest@1a76e19]" name="setUp" is-config="true" duration-ms="7" started-at="2014-03-04T19:35:54Z" finished-at="2014-03-04T19:35:54Z">
          <reporter-output>
          </reporter-output>
        </test-method> <!-- setUp -->
        <test-method status="PASS" signature="testEightPuzzleAStar()[pri:0, instance:test.myTest@1a76e19]" name="testEightPuzzleAStar" duration-ms="644" started-at="2014-03-04T19:35:54Z" finished-at="2014-03-04T19:35:55Z">
          <reporter-output>
          </reporter-output>
        </test-method> <!-- testEightPuzzleAStar -->
      </class> <!-- test.myTest -->
    </test> <!-- Default test -->
  </suite> <!-- Default suite -->
</testng-results>
