<?xml version="1.0" encoding="UTF-8"?>
<testng-results skipped="0" failed="0" total="2" passed="2">
  <reporter-output>
  </reporter-output>
  <suite name="Default suite" duration-ms="644" started-at="2014-03-04T23:32:03Z" finished-at="2014-03-04T23:32:04Z">
    <groups>
    </groups>
    <test name="Default test" duration-ms="644" started-at="2014-03-04T23:32:03Z" finished-at="2014-03-04T23:32:04Z">
      <class name="test.myTest">
        <test-method status="PASS" signature="setUp()[pri:0, instance:test.myTest@12d49e7]" name="setUp" is-config="true" duration-ms="4" started-at="2014-03-04T23:32:03Z" finished-at="2014-03-04T23:32:03Z">
          <reporter-output>
          </reporter-output>
        </test-method> <!-- setUp -->
        <test-method status="PASS" signature="testEightPuzzleAStar()[pri:0, instance:test.myTest@12d49e7]" name="testEightPuzzleAStar" duration-ms="626" started-at="2014-03-04T23:32:03Z" finished-at="2014-03-04T23:32:04Z">
          <reporter-output>
          </reporter-output>
        </test-method> <!-- testEightPuzzleAStar -->
        <test-method status="PASS" signature="setUp()[pri:0, instance:test.myTest@12d49e7]" name="setUp" is-config="true" duration-ms="0" started-at="2014-03-04T23:32:04Z" finished-at="2014-03-04T23:32:04Z">
          <reporter-output>
          </reporter-output>
        </test-method> <!-- setUp -->
        <test-method status="PASS" signature="testStringPuzzleAStar()[pri:0, instance:test.myTest@12d49e7]" name="testStringPuzzleAStar" duration-ms="5" started-at="2014-03-04T23:32:04Z" finished-at="2014-03-04T23:32:04Z">
          <reporter-output>
          </reporter-output>
        </test-method> <!-- testStringPuzzleAStar -->
      </class> <!-- test.myTest -->
    </test> <!-- Default test -->
  </suite> <!-- Default suite -->
</testng-results>
